[debug] [2023-03-27T16:53:13.745Z] ----------------------------------------------------------------------
[debug] [2023-03-27T16:53:13.746Z] Command:       /home/carla/.nvm/versions/node/v16.19.1/bin/node /home/carla/.nvm/versions/node/v16.19.1/bin/firebase deploy --only functions
[debug] [2023-03-27T16:53:13.747Z] CLI Version:   11.25.1
[debug] [2023-03-27T16:53:13.747Z] Platform:      linux
[debug] [2023-03-27T16:53:13.747Z] Node Version:  v16.19.1
[debug] [2023-03-27T16:53:13.747Z] Time:          Mon Mar 27 2023 17:53:13 GMT+0100 (British Summer Time)
[debug] [2023-03-27T16:53:13.747Z] ----------------------------------------------------------------------
[debug] 
[debug] [2023-03-27T16:53:13.804Z] > command requires scopes: ["email","openid","https://www.googleapis.com/auth/cloudplatformprojects.readonly","https://www.googleapis.com/auth/firebase","https://www.googleapis.com/auth/cloud-platform"]
[debug] [2023-03-27T16:53:13.804Z] > authorizing via signed-in user (carlajpont@gmail.com)
[debug] [2023-03-27T16:53:13.804Z] [iam] checking project avainfo-net for permissions ["cloudfunctions.functions.create","cloudfunctions.functions.delete","cloudfunctions.functions.get","cloudfunctions.functions.list","cloudfunctions.functions.update","cloudfunctions.operations.get","firebase.projects.get"]
[debug] [2023-03-27T16:53:13.806Z] >>> [apiv2][query] POST https://cloudresourcemanager.googleapis.com/v1/projects/avainfo-net:testIamPermissions [none]
[debug] [2023-03-27T16:53:13.806Z] >>> [apiv2][(partial)header] POST https://cloudresourcemanager.googleapis.com/v1/projects/avainfo-net:testIamPermissions x-goog-quota-user=projects/avainfo-net
[debug] [2023-03-27T16:53:13.806Z] >>> [apiv2][body] POST https://cloudresourcemanager.googleapis.com/v1/projects/avainfo-net:testIamPermissions {"permissions":["cloudfunctions.functions.create","cloudfunctions.functions.delete","cloudfunctions.functions.get","cloudfunctions.functions.list","cloudfunctions.functions.update","cloudfunctions.operations.get","firebase.projects.get"]}
[debug] [2023-03-27T16:53:14.545Z] <<< [apiv2][status] POST https://cloudresourcemanager.googleapis.com/v1/projects/avainfo-net:testIamPermissions 200
[debug] [2023-03-27T16:53:14.545Z] <<< [apiv2][body] POST https://cloudresourcemanager.googleapis.com/v1/projects/avainfo-net:testIamPermissions {"permissions":["cloudfunctions.functions.create","cloudfunctions.functions.delete","cloudfunctions.functions.get","cloudfunctions.functions.list","cloudfunctions.functions.update","cloudfunctions.operations.get","firebase.projects.get"]}
[debug] [2023-03-27T16:53:14.546Z] >>> [apiv2][query] POST https://iam.googleapis.com/v1/projects/avainfo-net/serviceAccounts/avainfo-net@appspot.gserviceaccount.com:testIamPermissions [none]
[debug] [2023-03-27T16:53:14.546Z] >>> [apiv2][body] POST https://iam.googleapis.com/v1/projects/avainfo-net/serviceAccounts/avainfo-net@appspot.gserviceaccount.com:testIamPermissions {"permissions":["iam.serviceAccounts.actAs"]}
[debug] [2023-03-27T16:53:14.824Z] <<< [apiv2][status] POST https://iam.googleapis.com/v1/projects/avainfo-net/serviceAccounts/avainfo-net@appspot.gserviceaccount.com:testIamPermissions 200
[debug] [2023-03-27T16:53:14.825Z] <<< [apiv2][body] POST https://iam.googleapis.com/v1/projects/avainfo-net/serviceAccounts/avainfo-net@appspot.gserviceaccount.com:testIamPermissions {"permissions":["iam.serviceAccounts.actAs"]}
[info] 
[info] === Deploying to 'avainfo-net'...
[info] 
[info] i  deploying functions 
[info] Running command: npm --prefix "$RESOURCE_DIR" run lint
[info] Running command: npm --prefix "$RESOURCE_DIR" run build
